# JRE version: Java(TM) SE Runtime Environment (17.0.10+11) (build 17.0.10+11-LTS-240)
# Java VM: Java HotSpot(TM) 64-Bit Server VM (17.0.10+11-LTS-240, mixed mode, sharing, tiered, compressed oops, compressed class ptrs, g1 gc, windows-amd64)
GC Precious Log:
 CPUs: 8 total, 8 available
 Memory: 16026M
 Large Page Support: Disabled
 NUMA Support: Disabled
 Compressed Oops: Enabled (32-bit)
 Heap Region Size: 1M
 Heap Min Capacity: 8M
 Heap Initial Capacity: 252M
 Heap Max Capacity: 2G
 Pre-touch: Disabled
 Parallel Workers: 8
 Concurrent Workers: 2
 Concurrent Refinement Workers: 8
 Periodic GC: Disabled
Heap:
 garbage-first heap   total 404480K, used 264142K [0x0000000080000000, 0x0000000100000000)
  region size 1024K, 166 young (169984K), 6 survivors (6144K)
 Metaspace       used 83740K, committed 84608K, reserved 557056K
  class space    used 11689K, committed 12096K, reserved 425984K
GC Heap History (20 events):
Event: 54.571 GC heap before
{Heap before GC invocations=29 (full 0):
 garbage-first heap   total 140288K, used 109946K [0x0000000080000000, 0x0000000100000000)
  region size 1024K, 45 young (46080K), 4 survivors (4096K)
 Metaspace       used 64171K, committed 64960K, reserved 491520K
  class space    used 9070K, committed 9408K, reserved 425984K
}
Event: 54.577 GC heap after
{Heap after GC invocations=30 (full 0):
 garbage-first heap   total 140288K, used 71840K [0x0000000080000000, 0x0000000100000000)
  region size 1024K, 6 young (6144K), 6 survivors (6144K)
 Metaspace       used 64171K, committed 64960K, reserved 491520K
  class space    used 9070K, committed 9408K, reserved 425984K
}
Event: 54.588 GC heap before
{Heap before GC invocations=30 (full 0):
 garbage-first heap   total 140288K, used 72864K [0x0000000080000000, 0x0000000100000000)
  region size 1024K, 7 young (7168K), 6 survivors (6144K)
 Metaspace       used 64242K, committed 64960K, reserved 491520K
  class space    used 9084K, committed 9408K, reserved 425984K
}
Event: 54.592 GC heap after
{Heap after GC invocations=31 (full 0):
 garbage-first heap   total 140288K, used 72011K [0x0000000080000000, 0x0000000100000000)
  region size 1024K, 1 young (1024K), 1 survivors (1024K)
 Metaspace       used 64242K, committed 64960K, reserved 491520K
  class space    used 9084K, committed 9408K, reserved 425984K
}
Event: 55.243 GC heap before
{Heap before GC invocations=31 (full 0):
 garbage-first heap   total 140288K, used 110923K [0x0000000080000000, 0x0000000100000000)
  region size 1024K, 39 young (39936K), 1 survivors (1024K)
 Metaspace       used 67235K, committed 67968K, reserved 491520K
  class space    used 9591K, committed 9920K, reserved 425984K
}
Event: 55.249 GC heap after
{Heap after GC invocations=32 (full 0):
 garbage-first heap   total 140288K, used 73813K [0x0000000080000000, 0x0000000100000000)
  region size 1024K, 3 young (3072K), 3 survivors (3072K)
 Metaspace       used 67235K, committed 67968K, reserved 491520K
  class space    used 9591K, committed 9920K, reserved 425984K
}
Event: 55.767 GC heap before
{Heap before GC invocations=33 (full 0):
 garbage-first heap   total 140288K, used 112725K [0x0000000080000000, 0x0000000100000000)
  region size 1024K, 41 young (41984K), 3 survivors (3072K)
 Metaspace       used 68064K, committed 68864K, reserved 491520K
  class space    used 9734K, committed 10112K, reserved 425984K
}
Event: 55.774 GC heap after
{Heap after GC invocations=34 (full 0):
 garbage-first heap   total 140288K, used 77269K [0x0000000080000000, 0x0000000100000000)
  region size 1024K, 6 young (6144K), 6 survivors (6144K)
 Metaspace       used 68064K, committed 68864K, reserved 491520K
  class space    used 9734K, committed 10112K, reserved 425984K
}
Event: 55.782 GC heap before
{Heap before GC invocations=34 (full 0):
 garbage-first heap   total 140288K, used 78293K [0x0000000080000000, 0x0000000100000000)
  region size 1024K, 7 young (7168K), 6 survivors (6144K)
 Metaspace       used 68067K, committed 68864K, reserved 491520K
  class space    used 9734K, committed 10112K, reserved 425984K
}
Event: 55.789 GC heap after
{Heap after GC invocations=35 (full 0):
 garbage-first heap   total 140288K, used 77164K [0x0000000080000000, 0x0000000100000000)
  region size 1024K, 1 young (1024K), 1 survivors (1024K)
 Metaspace       used 68067K, committed 68864K, reserved 491520K
  class space    used 9734K, committed 10112K, reserved 425984K
}
Event: 56.337 GC heap before
{Heap before GC invocations=35 (full 0):
 garbage-first heap   total 140288K, used 117100K [0x0000000080000000, 0x0000000100000000)
  region size 1024K, 36 young (36864K), 1 survivors (1024K)
 Metaspace       used 68606K, committed 69376K, reserved 491520K
  class space    used 9801K, committed 10176K, reserved 425984K
}
Event: 56.341 GC heap after
{Heap after GC invocations=36 (full 0):
 garbage-first heap   total 140288K, used 89422K [0x0000000080000000, 0x0000000100000000)
  region size 1024K, 5 young (5120K), 5 survivors (5120K)
 Metaspace       used 68606K, committed 69376K, reserved 491520K
  class space    used 9801K, committed 10176K, reserved 425984K
}
Event: 56.424 GC heap before
{Heap before GC invocations=36 (full 0):
 garbage-first heap   total 140288K, used 95566K [0x0000000080000000, 0x0000000100000000)
  region size 1024K, 13 young (13312K), 5 survivors (5120K)
 Metaspace       used 69124K, committed 69888K, reserved 491520K
  class space    used 9853K, committed 10240K, reserved 425984K
}
Event: 56.426 GC heap after
{Heap after GC invocations=37 (full 0):
 garbage-first heap   total 140288K, used 90274K [0x0000000080000000, 0x0000000100000000)
  region size 1024K, 1 young (1024K), 1 survivors (1024K)
 Metaspace       used 69124K, committed 69888K, reserved 491520K
  class space    used 9853K, committed 10240K, reserved 425984K
}
Event: 56.711 GC heap before
{Heap before GC invocations=38 (full 0):
 garbage-first heap   total 162816K, used 113826K [0x0000000080000000, 0x0000000100000000)
  region size 1024K, 24 young (24576K), 1 survivors (1024K)
 Metaspace       used 71085K, committed 71872K, reserved 491520K
  class space    used 10072K, committed 10496K, reserved 425984K
}
Event: 56.713 GC heap after
{Heap after GC invocations=39 (full 0):
 garbage-first heap   total 162816K, used 91920K [0x0000000080000000, 0x0000000100000000)
  region size 1024K, 2 young (2048K), 2 survivors (2048K)
 Metaspace       used 71085K, committed 71872K, reserved 491520K
  class space    used 10072K, committed 10496K, reserved 425984K
}
Event: 56.765 GC heap before
{Heap before GC invocations=39 (full 0):
 garbage-first heap   total 162816K, used 96016K [0x0000000080000000, 0x0000000100000000)
  region size 1024K, 7 young (7168K), 2 survivors (2048K)
 Metaspace       used 71544K, committed 72320K, reserved 491520K
  class space    used 10123K, committed 10496K, reserved 425984K
}
Event: 56.766 GC heap after
{Heap after GC invocations=40 (full 0):
 garbage-first heap   total 162816K, used 90631K [0x0000000080000000, 0x0000000100000000)
  region size 1024K, 1 young (1024K), 1 survivors (1024K)
 Metaspace       used 71544K, committed 72320K, reserved 491520K
  class space    used 10123K, committed 10496K, reserved 425984K
}
Event: 57.142 GC heap before
{Heap before GC invocations=40 (full 0):
 garbage-first heap   total 162816K, used 135687K [0x0000000080000000, 0x0000000100000000)
  region size 1024K, 41 young (41984K), 1 survivors (1024K)
 Metaspace       used 75220K, committed 76032K, reserved 491520K
  class space    used 10525K, committed 10944K, reserved 425984K
}
Event: 57.147 GC heap after
{Heap after GC invocations=41 (full 0):
 garbage-first heap   total 404480K, used 99278K [0x0000000080000000, 0x0000000100000000)
  region size 1024K, 6 young (6144K), 6 survivors (6144K)
 Metaspace       used 75220K, committed 76032K, reserved 491520K
  class space    used 10525K, committed 10944K, reserved 425984K
}

